Internal Server Error: /api/login/
Internal Server Error: /api/login/
Internal Server Error: /api/login/
Internal Server Error: /api/login/
Internal Server Error: /api/login/
Internal Server Error: /api/login/
Internal Server Error: /api/login/
Listen failure: Couldn't listen on 0.0.0.0:8000: [WinError 10048] Only one usage of each socket address (protocol/network address/port) is normally permitted.
Internal Server Error: /
Traceback (most recent call last):
  File "C:\Users\princ.PRNSNNYO\AppData\Roaming\Python\Python312\site-packages\asgiref\sync.py", line 518, in thread_handler
    raise exc_info[1]
  File "C:\Users\princ.PRNSNNYO\AppData\Roaming\Python\Python312\site-packages\django\core\handlers\exception.py", line 42, in inner
    response = await get_response(request)
               ^^^^^^^^^^^^^^^^^^^^^^^^^^^
  File "C:\Users\princ.PRNSNNYO\AppData\Roaming\Python\Python312\site-packages\asgiref\sync.py", line 518, in thread_handler
    raise exc_info[1]
  File "C:\Users\princ.PRNSNNYO\AppData\Roaming\Python\Python312\site-packages\django\core\handlers\base.py", line 284, in _get_response_async
    response = await sync_to_async(
               ^^^^^^^^^^^^^^^^^^^^
  File "C:\Users\princ.PRNSNNYO\AppData\Roaming\Python\Python312\site-packages\asgiref\sync.py", line 468, in __call__
    ret = await asyncio.shield(exec_coro)
          ^^^^^^^^^^^^^^^^^^^^^^^^^^^^^^^
  File "C:\Users\princ.PRNSNNYO\AppData\Roaming\Python\Python312\site-packages\asgiref\current_thread_executor.py", line 40, in run
    result = self.fn(*self.args, **self.kwargs)
             ^^^^^^^^^^^^^^^^^^^^^^^^^^^^^^^^^^
  File "C:\Users\princ.PRNSNNYO\AppData\Roaming\Python\Python312\site-packages\asgiref\sync.py", line 522, in thread_handler
    return func(*args, **kwargs)
           ^^^^^^^^^^^^^^^^^^^^^
  File "C:\Users\princ.PRNSNNYO\AppData\Roaming\Python\Python312\site-packages\django\template\response.py", line 114, in render
    self.content = self.rendered_content
                   ^^^^^^^^^^^^^^^^^^^^^
  File "C:\Users\princ.PRNSNNYO\AppData\Roaming\Python\Python312\site-packages\django\template\response.py", line 90, in rendered_content
    template = self.resolve_template(self.template_name)
               ^^^^^^^^^^^^^^^^^^^^^^^^^^^^^^^^^^^^^^^^^
  File "C:\Users\princ.PRNSNNYO\AppData\Roaming\Python\Python312\site-packages\django\template\response.py", line 72, in resolve_template
    return select_template(template, using=self.using)
           ^^^^^^^^^^^^^^^^^^^^^^^^^^^^^^^^^^^^^^^^^^^
  File "C:\Users\princ.PRNSNNYO\AppData\Roaming\Python\Python312\site-packages\django\template\loader.py", line 47, in select_template
    raise TemplateDoesNotExist(", ".join(template_name_list), chain=chain)
django.template.exceptions.TemplateDoesNotExist: frontend/index.html
Internal Server Error: /favicon.ico
Traceback (most recent call last):
  File "C:\Users\princ.PRNSNNYO\AppData\Roaming\Python\Python312\site-packages\asgiref\sync.py", line 518, in thread_handler
    raise exc_info[1]
  File "C:\Users\princ.PRNSNNYO\AppData\Roaming\Python\Python312\site-packages\django\core\handlers\exception.py", line 42, in inner
    response = await get_response(request)
               ^^^^^^^^^^^^^^^^^^^^^^^^^^^
  File "C:\Users\princ.PRNSNNYO\AppData\Roaming\Python\Python312\site-packages\asgiref\sync.py", line 518, in thread_handler
    raise exc_info[1]
  File "C:\Users\princ.PRNSNNYO\AppData\Roaming\Python\Python312\site-packages\django\core\handlers\base.py", line 284, in _get_response_async
    response = await sync_to_async(
               ^^^^^^^^^^^^^^^^^^^^
  File "C:\Users\princ.PRNSNNYO\AppData\Roaming\Python\Python312\site-packages\asgiref\sync.py", line 468, in __call__
    ret = await asyncio.shield(exec_coro)
          ^^^^^^^^^^^^^^^^^^^^^^^^^^^^^^^
  File "C:\Users\princ.PRNSNNYO\AppData\Roaming\Python\Python312\site-packages\asgiref\current_thread_executor.py", line 40, in run
    result = self.fn(*self.args, **self.kwargs)
             ^^^^^^^^^^^^^^^^^^^^^^^^^^^^^^^^^^
  File "C:\Users\princ.PRNSNNYO\AppData\Roaming\Python\Python312\site-packages\asgiref\sync.py", line 522, in thread_handler
    return func(*args, **kwargs)
           ^^^^^^^^^^^^^^^^^^^^^
  File "C:\Users\princ.PRNSNNYO\AppData\Roaming\Python\Python312\site-packages\django\template\response.py", line 114, in render
    self.content = self.rendered_content
                   ^^^^^^^^^^^^^^^^^^^^^
  File "C:\Users\princ.PRNSNNYO\AppData\Roaming\Python\Python312\site-packages\django\template\response.py", line 90, in rendered_content
    template = self.resolve_template(self.template_name)
               ^^^^^^^^^^^^^^^^^^^^^^^^^^^^^^^^^^^^^^^^^
  File "C:\Users\princ.PRNSNNYO\AppData\Roaming\Python\Python312\site-packages\django\template\response.py", line 72, in resolve_template
    return select_template(template, using=self.using)
           ^^^^^^^^^^^^^^^^^^^^^^^^^^^^^^^^^^^^^^^^^^^
  File "C:\Users\princ.PRNSNNYO\AppData\Roaming\Python\Python312\site-packages\django\template\loader.py", line 47, in select_template
    raise TemplateDoesNotExist(", ".join(template_name_list), chain=chain)
django.template.exceptions.TemplateDoesNotExist: frontend/index.html
